<?xml version="1.0" encoding="UTF-8"?>
<testsuite xmlns:xsi="http://www.w3.org/2001/XMLSchema-instance" xsi:noNamespaceSchemaLocation="https://maven.apache.org/surefire/maven-surefire-plugin/xsd/surefire-test-report-3.0.xsd" version="3.0" name="io.github.mpecan.jacoco.maven.ListFileCoverageMojoTest" time="0.008" tests="2" errors="0" skipped="0" failures="0">
  <properties>
[...]
</properties>
  <testcase name="should return empty list when no packages" classname="io.github.mpecan.jacoco.maven.ListFileCoverageMojoTest" time="0.001"/>
  <testcase name="should return classes from packages" classname="io.github.mpecan.jacoco.maven.ListFileCoverageMojoTest" time="0.006"/>
</testsuite>